{"C:\\Users\\SSAFY\\Desktop\\S11P31S209\\frontend\\src\\components\\PrivateRoute.tsx": {"path":"C:\\Users\\SSAFY\\Desktop\\S11P31S209\\frontend\\src\\components\\PrivateRoute.tsx","statementMap":{"0":{"start":{"line":10,"column":50},"end":{"line":24,"column":1}},"1":{"start":{"line":11,"column":19},"end":{"line":11,"column":33}},"2":{"start":{"line":13,"column":2},"end":{"line":16,"column":3}},"3":{"start":{"line":15,"column":4},"end":{"line":15,"column":31}},"4":{"start":{"line":18,"column":2},"end":{"line":21,"column":3}},"5":{"start":{"line":20,"column":4},"end":{"line":20,"column":31}},"6":{"start":{"line":23,"column":2},"end":{"line":23,"column":25}}},"fnMap":{"0":{"name":"(anonymous_0)","decl":{"start":{"line":10,"column":50},"end":{"line":10,"column":51}},"loc":{"start":{"line":10,"column":82},"end":{"line":24,"column":1}},"line":10}},"branchMap":{"0":{"loc":{"start":{"line":13,"column":2},"end":{"line":16,"column":3}},"type":"if","locations":[{"start":{"line":13,"column":2},"end":{"line":16,"column":3}},{"start":{},"end":{}}],"line":13},"1":{"loc":{"start":{"line":18,"column":2},"end":{"line":21,"column":3}},"type":"if","locations":[{"start":{"line":18,"column":2},"end":{"line":21,"column":3}},{"start":{},"end":{}}],"line":18},"2":{"loc":{"start":{"line":18,"column":6},"end":{"line":18,"column":55}},"type":"binary-expr","locations":[{"start":{"line":18,"column":6},"end":{"line":18,"column":18}},{"start":{"line":18,"column":22},"end":{"line":18,"column":55}}],"line":18}},"s":{"0":1,"1":4,"2":4,"3":2,"4":2,"5":1,"6":1},"f":{"0":4},"b":{"0":[2,2],"1":[1,1],"2":[2,2]},"_coverageSchema":"1a1c01bbd47fc00a2c39e90264f33305004495a9","hash":"298b810448fba5792fe3dc47613f1e7bc92465a5"}
,"C:\\Users\\SSAFY\\Desktop\\S11P31S209\\frontend\\src\\store\\useAuthStore.ts": {"path":"C:\\Users\\SSAFY\\Desktop\\S11P31S209\\frontend\\src\\store\\useAuthStore.ts","statementMap":{"0":{"start":{"line":22,"column":28},"end":{"line":97,"column":1}},"1":{"start":{"line":24,"column":19},"end":{"line":91,"column":5}},"2":{"start":{"line":28,"column":8},"end":{"line":50,"column":9}},"3":{"start":{"line":30,"column":32},"end":{"line":30,"column":94}},"4":{"start":{"line":31,"column":10},"end":{"line":46,"column":11}},"5":{"start":{"line":32,"column":40},"end":{"line":32,"column":58}},"6":{"start":{"line":33,"column":12},"end":{"line":33,"column":56}},"7":{"start":{"line":34,"column":12},"end":{"line":34,"column":58}},"8":{"start":{"line":37,"column":33},"end":{"line":37,"column":67}},"9":{"start":{"line":38,"column":12},"end":{"line":45,"column":13}},"10":{"start":{"line":39,"column":14},"end":{"line":44,"column":17}},"11":{"start":{"line":48,"column":10},"end":{"line":48,"column":42}},"12":{"start":{"line":49,"column":10},"end":{"line":49,"column":36}},"13":{"start":{"line":54,"column":8},"end":{"line":54,"column":41}},"14":{"start":{"line":58,"column":8},"end":{"line":58,"column":28}},"15":{"start":{"line":59,"column":8},"end":{"line":59,"column":47}},"16":{"start":{"line":60,"column":8},"end":{"line":60,"column":48}},"17":{"start":{"line":61,"column":8},"end":{"line":61,"column":35}},"18":{"start":{"line":65,"column":28},"end":{"line":65,"column":38}},"19":{"start":{"line":66,"column":8},"end":{"line":68,"column":9}},"20":{"start":{"line":67,"column":10},"end":{"line":67,"column":50}},"21":{"start":{"line":72,"column":28},"end":{"line":72,"column":63}},"22":{"start":{"line":73,"column":8},"end":{"line":89,"column":9}},"23":{"start":{"line":74,"column":10},"end":{"line":88,"column":11}},"24":{"start":{"line":75,"column":29},"end":{"line":75,"column":63}},"25":{"start":{"line":76,"column":12},"end":{"line":83,"column":13}},"26":{"start":{"line":77,"column":14},"end":{"line":82,"column":17}},"27":{"start":{"line":85,"column":12},"end":{"line":85,"column":46}},"28":{"start":{"line":86,"column":12},"end":{"line":86,"column":51}},"29":{"start":{"line":87,"column":12},"end":{"line":87,"column":52}},"30":{"start":{"line":94,"column":30},"end":{"line":94,"column":50}}},"fnMap":{"0":{"name":"(anonymous_0)","decl":{"start":{"line":24,"column":4},"end":{"line":24,"column":5}},"loc":{"start":{"line":24,"column":19},"end":{"line":91,"column":5}},"line":24},"1":{"name":"(anonymous_1)","decl":{"start":{"line":27,"column":17},"end":{"line":27,"column":18}},"loc":{"start":{"line":27,"column":60},"end":{"line":51,"column":7}},"line":27},"2":{"name":"(anonymous_2)","decl":{"start":{"line":53,"column":18},"end":{"line":53,"column":19}},"loc":{"start":{"line":53,"column":24},"end":{"line":55,"column":7}},"line":53},"3":{"name":"(anonymous_3)","decl":{"start":{"line":57,"column":14},"end":{"line":57,"column":15}},"loc":{"start":{"line":57,"column":20},"end":{"line":62,"column":7}},"line":57},"4":{"name":"(anonymous_4)","decl":{"start":{"line":64,"column":19},"end":{"line":64,"column":20}},"loc":{"start":{"line":64,"column":37},"end":{"line":69,"column":7}},"line":64},"5":{"name":"(anonymous_5)","decl":{"start":{"line":71,"column":27},"end":{"line":71,"column":28}},"loc":{"start":{"line":71,"column":39},"end":{"line":90,"column":7}},"line":71},"6":{"name":"(anonymous_6)","decl":{"start":{"line":94,"column":18},"end":{"line":94,"column":19}},"loc":{"start":{"line":94,"column":30},"end":{"line":94,"column":50}},"line":94}},"branchMap":{"0":{"loc":{"start":{"line":31,"column":10},"end":{"line":46,"column":11}},"type":"if","locations":[{"start":{"line":31,"column":10},"end":{"line":46,"column":11}},{"start":{},"end":{}}],"line":31},"1":{"loc":{"start":{"line":38,"column":12},"end":{"line":45,"column":13}},"type":"if","locations":[{"start":{"line":38,"column":12},"end":{"line":45,"column":13}},{"start":{},"end":{}}],"line":38},"2":{"loc":{"start":{"line":66,"column":8},"end":{"line":68,"column":9}},"type":"if","locations":[{"start":{"line":66,"column":8},"end":{"line":68,"column":9}},{"start":{},"end":{}}],"line":66},"3":{"loc":{"start":{"line":73,"column":8},"end":{"line":89,"column":9}},"type":"if","locations":[{"start":{"line":73,"column":8},"end":{"line":89,"column":9}},{"start":{},"end":{}}],"line":73},"4":{"loc":{"start":{"line":73,"column":12},"end":{"line":73,"column":38}},"type":"binary-expr","locations":[{"start":{"line":73,"column":12},"end":{"line":73,"column":23}},{"start":{"line":73,"column":27},"end":{"line":73,"column":38}}],"line":73},"5":{"loc":{"start":{"line":76,"column":12},"end":{"line":83,"column":13}},"type":"if","locations":[{"start":{"line":76,"column":12},"end":{"line":83,"column":13}},{"start":{},"end":{}}],"line":76}},"s":{"0":4,"1":4,"2":0,"3":0,"4":0,"5":0,"6":0,"7":0,"8":0,"9":0,"10":0,"11":0,"12":0,"13":0,"14":0,"15":0,"16":0,"17":0,"18":0,"19":0,"20":0,"21":9,"22":9,"23":0,"24":0,"25":0,"26":0,"27":0,"28":0,"29":0,"30":19},"f":{"0":4,"1":0,"2":0,"3":0,"4":0,"5":9,"6":19},"b":{"0":[0,0],"1":[0,0],"2":[0,0],"3":[0,9],"4":[9,0],"5":[0,0]},"_coverageSchema":"1a1c01bbd47fc00a2c39e90264f33305004495a9","hash":"f64954006844e43c9aeedf39288c186ea78b1573"}
}
